<?xml version="1.0" encoding="UTF-8"?>
<!-- Generated by org.testng.reporters.JUnitXMLReporter -->
<testsuite hostname="DESKTOP-QMOTP9V" ignored="0" name="BusinessSchool" tests="4" failures="0" timestamp="27 Apr 2018 01:51:01 GMT" time="0.1" errors="0">
  <testcase name="Demo" time="0.021" classname="test.lecture1"/>
  <testcase name="SecondTest" time="0.002" classname="test.lecture1"/>
  <testcase name="Test2" time="0.006" classname="test.test2"/>
  <testcase name="practice" time="0.003" classname="test.DataProviderExercise"/>
</testsuite> <!-- BusinessSchool -->
