<?xml version="1.0" encoding="UTF-8"?>
<!-- Generated by org.testng.reporters.JUnitXMLReporter -->
<testsuite hostname="DESKTOP-QMOTP9V" ignored="3" name="car loan" tests="5" failures="0" timestamp="27 Apr 2018 01:51:09 GMT" time="8.038" errors="0">
  <testcase name="LoginAPICarLoan" time="0.002" classname="test.test3"/>
  <testcase name="MobileLoginCarLoan" time="0.002" classname="test.test3"/>
  <testcase name="WebloginCarLoan" time="0.003" classname="test.test3"/>
  <testcase name="TestNGmethod" time="0.363" classname="test.SyntaxNGPractice"/>
  <testcase name="LoginAPIHomeLoan" time="0.012" classname="test.test4"/>
  <testcase name="MobileLoginHomeLoan" time="0.0" classname="test.test4">
    <ignored/>
  </testcase> <!-- MobileLoginHomeLoan -->
  <testcase name="LoginAPIHomeLoan1" time="0.0" classname="test.test4">
    <ignored/>
  </testcase> <!-- LoginAPIHomeLoan1 -->
  <testcase name="WebloginHomeLoan" time="0.0" classname="test.test4">
    <ignored/>
  </testcase> <!-- WebloginHomeLoan -->
</testsuite> <!-- car loan -->
