<?xml version="1.0" encoding="UTF-8"?>
<!-- Generated by org.testng.reporters.JUnitXMLReporter -->
<testsuite hostname="DESKTOP-QMOTP9V" ignored="7" name="Regression" tests="2" failures="0" timestamp="23 Apr 2018 22:00:30 GMT" time="0.047" errors="0">
  <testcase name="WebloginCarLoan" time="0.0" classname="test.test3"/>
  <testcase name="MobileLoginHomeLoan" time="0.0" classname="test.test4"/>
  <testcase name="LoginAPIHomeLoan" time="0.0" classname="test.test4">
    <ignored/>
  </testcase> <!-- LoginAPIHomeLoan -->
  <testcase name="LoginAPICarLoan" time="0.0" classname="test.test3">
    <ignored/>
  </testcase> <!-- LoginAPICarLoan -->
  <testcase name="MobileLoginCarLoan" time="0.0" classname="test.test3">
    <ignored/>
  </testcase> <!-- MobileLoginCarLoan -->
  <testcase name="Test2" time="0.0" classname="test.test2">
    <ignored/>
  </testcase> <!-- Test2 -->
  <testcase name="SecondTest" time="0.0" classname="test.lecture1">
    <ignored/>
  </testcase> <!-- SecondTest -->
  <testcase name="WebloginHomeLoan" time="0.0" classname="test.test4">
    <ignored/>
  </testcase> <!-- WebloginHomeLoan -->
  <testcase name="Demo" time="0.0" classname="test.lecture1">
    <ignored/>
  </testcase> <!-- Demo -->
</testsuite> <!-- Regression -->
