<?xml version="1.0" encoding="UTF-8"?>
<!-- Generated by org.testng.reporters.JUnitXMLReporter -->
<testsuite hostname="DESKTOP-QMOTP9V" ignored="0" name="car loan" tests="6" failures="0" timestamp="23 Apr 2018 20:19:13 GMT" time="0.077" errors="0">
  <testcase name="LoginAPICarLoan" time="0.008" classname="test.test3"/>
  <testcase name="MobileLoginCarLoan" time="0.009" classname="test.test3"/>
  <testcase name="WebloginCarLoan" time="0.005" classname="test.test3"/>
  <testcase name="LoginAPIHomeLoan" time="0.008" classname="test.test4"/>
  <testcase name="MobileLoginHomeLoan" time="0.004" classname="test.test4"/>
  <testcase name="WebloginHomeLoan" time="0.003" classname="test.test4"/>
</testsuite> <!-- car loan -->
